<?xml version="1.0" encoding="UTF-8"?>
<testsuite xmlns:xsi="http://www.w3.org/2001/XMLSchema-instance" xsi:noNamespaceSchemaLocation="https://maven.apache.org/surefire/maven-surefire-plugin/xsd/surefire-test-report-3.0.xsd" version="3.0" name="testRunner.TestRun" time="17.932" tests="1" errors="0" skipped="0" failures="0">
  <properties>
[...]
</properties>
  <testcase name="sign in to application by using valid creaditonals" classname="Hudini signin page" time="16.449">
    <system-out><![CDATA[
@san
Scenario: sign in to application by using valid creaditonals                         # Features/Login.feature:5
DEBUG [main] (InternalLoggerFactory.java:89)- Using Log4J as the default logging framework
DEBUG [main] (ResourceLeakDetector.java:129)- -Dio.netty.leakDetection.level: simple
DEBUG [main] (ResourceLeakDetector.java:130)- -Dio.netty.leakDetection.targetRecords: 4
DEBUG [main] (ResourceLeakDetectorFactory.java:196)- Loaded default ResourceLeakDetector: io.netty.util.ResourceLeakDetector@2e5c7f0b
DEBUG [main] (PlatformDependent0.java:496)- -Dio.netty.noUnsafe: false
DEBUG [main] (PlatformDependent0.java:1000)- Java version: 19
DEBUG [main] (PlatformDependent0.java:137)- sun.misc.Unsafe.theUnsafe: available
DEBUG [main] (PlatformDependent0.java:161)- sun.misc.Unsafe.copyMemory: available
DEBUG [main] (PlatformDependent0.java:193)- sun.misc.Unsafe.storeFence: available
DEBUG [main] (PlatformDependent0.java:236)- java.nio.Buffer.address: available
DEBUG [main] (PlatformDependent0.java:317)- direct buffer constructor: unavailable
java.lang.UnsupportedOperationException: Reflective setAccessible(true) disabled
	at io.netty.util.internal.ReflectionUtil.trySetAccessible(ReflectionUtil.java:31)
	at io.netty.util.internal.PlatformDependent0$5.run(PlatformDependent0.java:288)
	at java.base/java.security.AccessController.doPrivileged(AccessController.java:318)
	at io.netty.util.internal.PlatformDependent0.<clinit>(PlatformDependent0.java:282)
	at io.netty.util.internal.PlatformDependent.isAndroid(PlatformDependent.java:333)
	at io.netty.util.internal.PlatformDependent.<clinit>(PlatformDependent.java:88)
	at io.netty.util.HashedWheelTimer.<init>(HashedWheelTimer.java:114)
	at io.netty.util.HashedWheelTimer.<init>(HashedWheelTimer.java:251)
	at io.netty.util.HashedWheelTimer.<init>(HashedWheelTimer.java:224)
	at io.netty.util.HashedWheelTimer.<init>(HashedWheelTimer.java:203)
	at org.asynchttpclient.DefaultAsyncHttpClient.newNettyTimer(DefaultAsyncHttpClient.java:111)
	at org.asynchttpclient.DefaultAsyncHttpClient.<init>(DefaultAsyncHttpClient.java:90)
	at org.asynchttpclient.Dsl.asyncHttpClient(Dsl.java:32)
	at org.openqa.selenium.remote.http.netty.NettyClient.createHttpClient(NettyClient.java:94)
	at org.openqa.selenium.remote.http.netty.NettyClient.<clinit>(NettyClient.java:47)
	at org.openqa.selenium.remote.http.netty.NettyClient$Factory.createClient(NettyClient.java:135)
	at org.openqa.selenium.remote.HttpCommandExecutor.<init>(HttpCommandExecutor.java:107)
	at org.openqa.selenium.remote.HttpCommandExecutor.<init>(HttpCommandExecutor.java:94)
	at org.openqa.selenium.remote.HttpCommandExecutor.<init>(HttpCommandExecutor.java:85)
	at org.openqa.selenium.remote.service.DriverCommandExecutor.<init>(DriverCommandExecutor.java:80)
	at org.openqa.selenium.firefox.FirefoxDriver$FirefoxDriverCommandExecutor.<init>(FirefoxDriver.java:349)
	at org.openqa.selenium.firefox.FirefoxDriver.<init>(FirefoxDriver.java:111)
	at org.openqa.selenium.firefox.FirefoxDriver.<init>(FirefoxDriver.java:101)
	at stepDefinitions.StepMethod.setup(StepMethod.java:49)
	at java.base/jdk.internal.reflect.DirectMethodHandleAccessor.invoke(DirectMethodHandleAccessor.java:104)
	at java.base/java.lang.reflect.Method.invoke(Method.java:578)
	at io.cucumber.java.Invoker.doInvoke(Invoker.java:66)
	at io.cucumber.java.Invoker.invoke(Invoker.java:24)
	at io.cucumber.java.AbstractGlueDefinition.invokeMethod(AbstractGlueDefinition.java:47)
	at io.cucumber.java.JavaHookDefinition.execute(JavaHookDefinition.java:64)
	at io.cucumber.core.runner.CoreHookDefinition.execute(CoreHookDefinition.java:46)
	at io.cucumber.core.runner.HookDefinitionMatch.runStep(HookDefinitionMatch.java:21)
	at io.cucumber.core.runner.ExecutionMode$1.execute(ExecutionMode.java:10)
	at io.cucumber.core.runner.TestStep.executeStep(TestStep.java:84)
	at io.cucumber.core.runner.TestStep.run(TestStep.java:56)
	at io.cucumber.core.runner.TestCase.run(TestCase.java:78)
	at io.cucumber.core.runner.Runner.runPickle(Runner.java:75)
	at io.cucumber.junit.PickleRunners$NoStepDescriptions.lambda$run$0(PickleRunners.java:151)
	at io.cucumber.core.runtime.CucumberExecutionContext.lambda$runTestCase$5(CucumberExecutionContext.java:130)
	at io.cucumber.core.runtime.RethrowingThrowableCollector.executeAndThrow(RethrowingThrowableCollector.java:23)
	at io.cucumber.core.runtime.CucumberExecutionContext.runTestCase(CucumberExecutionContext.java:130)
	at io.cucumber.junit.PickleRunners$NoStepDescriptions.run(PickleRunners.java:148)
	at io.cucumber.junit.FeatureRunner.runChild(FeatureRunner.java:144)
	at io.cucumber.junit.FeatureRunner.runChild(FeatureRunner.java:28)
	at org.junit.runners.ParentRunner$4.run(ParentRunner.java:331)
	at org.junit.runners.ParentRunner$1.schedule(ParentRunner.java:79)
	at org.junit.runners.ParentRunner.runChildren(ParentRunner.java:329)
	at org.junit.runners.ParentRunner.access$100(ParentRunner.java:66)
	at org.junit.runners.ParentRunner$2.evaluate(ParentRunner.java:293)
	at org.junit.runners.ParentRunner$3.evaluate(ParentRunner.java:306)
	at org.junit.runners.ParentRunner.run(ParentRunner.java:413)
	at io.cucumber.junit.FeatureRunner.run(FeatureRunner.java:137)
	at io.cucumber.junit.Cucumber.runChild(Cucumber.java:196)
	at io.cucumber.junit.Cucumber.runChild(Cucumber.java:89)
	at org.junit.runners.ParentRunner$4.run(ParentRunner.java:331)
	at org.junit.runners.ParentRunner$1.schedule(ParentRunner.java:79)
	at org.junit.runners.ParentRunner.runChildren(ParentRunner.java:329)
	at org.junit.runners.ParentRunner.access$100(ParentRunner.java:66)
	at org.junit.runners.ParentRunner$2.evaluate(ParentRunner.java:293)
	at io.cucumber.junit.Cucumber$RunBeforeAllHooks.evaluate(Cucumber.java:266)
	at io.cucumber.junit.Cucumber$RunAfterAllHooks.evaluate(Cucumber.java:281)
	at io.cucumber.junit.Cucumber$StartTestRun.evaluate(Cucumber.java:233)
	at io.cucumber.junit.Cucumber$FinishTestRun.evaluate(Cucumber.java:248)
	at org.junit.runners.ParentRunner$3.evaluate(ParentRunner.java:306)
	at org.junit.runners.ParentRunner.run(ParentRunner.java:413)
	at org.apache.maven.surefire.junit4.JUnit4Provider.execute(JUnit4Provider.java:377)
	at org.apache.maven.surefire.junit4.JUnit4Provider.executeWithRerun(JUnit4Provider.java:284)
	at org.apache.maven.surefire.junit4.JUnit4Provider.executeTestSet(JUnit4Provider.java:248)
	at org.apache.maven.surefire.junit4.JUnit4Provider.invoke(JUnit4Provider.java:167)
	at org.apache.maven.surefire.booter.ForkedBooter.runSuitesInProcess(ForkedBooter.java:456)
	at org.apache.maven.surefire.booter.ForkedBooter.execute(ForkedBooter.java:169)
	at org.apache.maven.surefire.booter.ForkedBooter.run(ForkedBooter.java:595)
	at org.apache.maven.surefire.booter.ForkedBooter.main(ForkedBooter.java:581)
DEBUG [main] (PlatformDependent0.java:385)- java.nio.Bits.unaligned: available, true
DEBUG [main] (PlatformDependent0.java:449)- jdk.internal.misc.Unsafe.allocateUninitializedArray(int): unavailable
java.lang.IllegalAccessException: class io.netty.util.internal.PlatformDependent0$7 cannot access class jdk.internal.misc.Unsafe (in module java.base) because module java.base does not export jdk.internal.misc to unnamed module @5f341870
	at java.base/jdk.internal.reflect.Reflection.newIllegalAccessException(Reflection.java:420)
	at java.base/java.lang.reflect.AccessibleObject.checkAccess(AccessibleObject.java:709)
	at java.base/java.lang.reflect.Method.invoke(Method.java:569)
	at io.netty.util.internal.PlatformDependent0$7.run(PlatformDependent0.java:410)
	at java.base/java.security.AccessController.doPrivileged(AccessController.java:318)
	at io.netty.util.internal.PlatformDependent0.<clinit>(PlatformDependent0.java:401)
	at io.netty.util.internal.PlatformDependent.isAndroid(PlatformDependent.java:333)
	at io.netty.util.internal.PlatformDependent.<clinit>(PlatformDependent.java:88)
	at io.netty.util.HashedWheelTimer.<init>(HashedWheelTimer.java:114)
	at io.netty.util.HashedWheelTimer.<init>(HashedWheelTimer.java:251)
	at io.netty.util.HashedWheelTimer.<init>(HashedWheelTimer.java:224)
	at io.netty.util.HashedWheelTimer.<init>(HashedWheelTimer.java:203)
	at org.asynchttpclient.DefaultAsyncHttpClient.newNettyTimer(DefaultAsyncHttpClient.java:111)
	at org.asynchttpclient.DefaultAsyncHttpClient.<init>(DefaultAsyncHttpClient.java:90)
	at org.asynchttpclient.Dsl.asyncHttpClient(Dsl.java:32)
	at org.openqa.selenium.remote.http.netty.NettyClient.createHttpClient(NettyClient.java:94)
	at org.openqa.selenium.remote.http.netty.NettyClient.<clinit>(NettyClient.java:47)
	at org.openqa.selenium.remote.http.netty.NettyClient$Factory.createClient(NettyClient.java:135)
	at org.openqa.selenium.remote.HttpCommandExecutor.<init>(HttpCommandExecutor.java:107)
	at org.openqa.selenium.remote.HttpCommandExecutor.<init>(HttpCommandExecutor.java:94)
	at org.openqa.selenium.remote.HttpCommandExecutor.<init>(HttpCommandExecutor.java:85)
	at org.openqa.selenium.remote.service.DriverCommandExecutor.<init>(DriverCommandExecutor.java:80)
	at org.openqa.selenium.firefox.FirefoxDriver$FirefoxDriverCommandExecutor.<init>(FirefoxDriver.java:349)
	at org.openqa.selenium.firefox.FirefoxDriver.<init>(FirefoxDriver.java:111)
	at org.openqa.selenium.firefox.FirefoxDriver.<init>(FirefoxDriver.java:101)
	at stepDefinitions.StepMethod.setup(StepMethod.java:49)
	at java.base/jdk.internal.reflect.DirectMethodHandleAccessor.invoke(DirectMethodHandleAccessor.java:104)
	at java.base/java.lang.reflect.Method.invoke(Method.java:578)
	at io.cucumber.java.Invoker.doInvoke(Invoker.java:66)
	at io.cucumber.java.Invoker.invoke(Invoker.java:24)
	at io.cucumber.java.AbstractGlueDefinition.invokeMethod(AbstractGlueDefinition.java:47)
	at io.cucumber.java.JavaHookDefinition.execute(JavaHookDefinition.java:64)
	at io.cucumber.core.runner.CoreHookDefinition.execute(CoreHookDefinition.java:46)
	at io.cucumber.core.runner.HookDefinitionMatch.runStep(HookDefinitionMatch.java:21)
	at io.cucumber.core.runner.ExecutionMode$1.execute(ExecutionMode.java:10)
	at io.cucumber.core.runner.TestStep.executeStep(TestStep.java:84)
	at io.cucumber.core.runner.TestStep.run(TestStep.java:56)
	at io.cucumber.core.runner.TestCase.run(TestCase.java:78)
	at io.cucumber.core.runner.Runner.runPickle(Runner.java:75)
	at io.cucumber.junit.PickleRunners$NoStepDescriptions.lambda$run$0(PickleRunners.java:151)
	at io.cucumber.core.runtime.CucumberExecutionContext.lambda$runTestCase$5(CucumberExecutionContext.java:130)
	at io.cucumber.core.runtime.RethrowingThrowableCollector.executeAndThrow(RethrowingThrowableCollector.java:23)
	at io.cucumber.core.runtime.CucumberExecutionContext.runTestCase(CucumberExecutionContext.java:130)
	at io.cucumber.junit.PickleRunners$NoStepDescriptions.run(PickleRunners.java:148)
	at io.cucumber.junit.FeatureRunner.runChild(FeatureRunner.java:144)
	at io.cucumber.junit.FeatureRunner.runChild(FeatureRunner.java:28)
	at org.junit.runners.ParentRunner$4.run(ParentRunner.java:331)
	at org.junit.runners.ParentRunner$1.schedule(ParentRunner.java:79)
	at org.junit.runners.ParentRunner.runChildren(ParentRunner.java:329)
	at org.junit.runners.ParentRunner.access$100(ParentRunner.java:66)
	at org.junit.runners.ParentRunner$2.evaluate(ParentRunner.java:293)
	at org.junit.runners.ParentRunner$3.evaluate(ParentRunner.java:306)
	at org.junit.runners.ParentRunner.run(ParentRunner.java:413)
	at io.cucumber.junit.FeatureRunner.run(FeatureRunner.java:137)
	at io.cucumber.junit.Cucumber.runChild(Cucumber.java:196)
	at io.cucumber.junit.Cucumber.runChild(Cucumber.java:89)
	at org.junit.runners.ParentRunner$4.run(ParentRunner.java:331)
	at org.junit.runners.ParentRunner$1.schedule(ParentRunner.java:79)
	at org.junit.runners.ParentRunner.runChildren(ParentRunner.java:329)
	at org.junit.runners.ParentRunner.access$100(ParentRunner.java:66)
	at org.junit.runners.ParentRunner$2.evaluate(ParentRunner.java:293)
	at io.cucumber.junit.Cucumber$RunBeforeAllHooks.evaluate(Cucumber.java:266)
	at io.cucumber.junit.Cucumber$RunAfterAllHooks.evaluate(Cucumber.java:281)
	at io.cucumber.junit.Cucumber$StartTestRun.evaluate(Cucumber.java:233)
	at io.cucumber.junit.Cucumber$FinishTestRun.evaluate(Cucumber.java:248)
	at org.junit.runners.ParentRunner$3.evaluate(ParentRunner.java:306)
	at org.junit.runners.ParentRunner.run(ParentRunner.java:413)
	at org.apache.maven.surefire.junit4.JUnit4Provider.execute(JUnit4Provider.java:377)
	at org.apache.maven.surefire.junit4.JUnit4Provider.executeWithRerun(JUnit4Provider.java:284)
	at org.apache.maven.surefire.junit4.JUnit4Provider.executeTestSet(JUnit4Provider.java:248)
	at org.apache.maven.surefire.junit4.JUnit4Provider.invoke(JUnit4Provider.java:167)
	at org.apache.maven.surefire.booter.ForkedBooter.runSuitesInProcess(ForkedBooter.java:456)
	at org.apache.maven.surefire.booter.ForkedBooter.execute(ForkedBooter.java:169)
	at org.apache.maven.surefire.booter.ForkedBooter.run(ForkedBooter.java:595)
	at org.apache.maven.surefire.booter.ForkedBooter.main(ForkedBooter.java:581)
DEBUG [main] (PlatformDependent0.java:482)- java.nio.DirectByteBuffer.<init>(long, int): unavailable
DEBUG [main] (PlatformDependent.java:1159)- sun.misc.Unsafe: available
DEBUG [main] (PlatformDependent.java:1270)- maxDirectMemory: 2122317824 bytes (maybe)
DEBUG [main] (PlatformDependent.java:1289)- -Dio.netty.tmpdir: C:\Users\desktop\AppData\Local\Temp (java.io.tmpdir)
DEBUG [main] (PlatformDependent.java:1368)- -Dio.netty.bitMode: 64 (sun.arch.data.model)
DEBUG [main] (PlatformDependent.java:1119)- Platform: Windows
DEBUG [main] (PlatformDependent.java:178)- -Dio.netty.maxDirectMemory: -1 bytes
DEBUG [main] (PlatformDependent.java:185)- -Dio.netty.uninitializedArrayAllocationThreshold: -1
DEBUG [main] (CleanerJava9.java:71)- java.nio.ByteBuffer.cleaner(): available
DEBUG [main] (PlatformDependent.java:205)- -Dio.netty.noPreferDirect: false
DEBUG [main] (PlatformDependent.java:1010)- org.jctools-core.MpscChunkedArrayQueue: available
DEBUG [main] (InternalThreadLocalMap.java:86)- -Dio.netty.threadLocalMap.stringBuilder.initialSize: 1024
DEBUG [main] (InternalThreadLocalMap.java:89)- -Dio.netty.threadLocalMap.stringBuilder.maxSize: 4096
DEBUG [main] (JdkSslContext.java:83)- Default protocols (JDK): [TLSv1.3, TLSv1.2] 
DEBUG [main] (JdkSslContext.java:84)- Default cipher suites (JDK): [TLS_ECDHE_ECDSA_WITH_AES_256_GCM_SHA384, TLS_ECDHE_ECDSA_WITH_AES_128_GCM_SHA256, TLS_ECDHE_RSA_WITH_AES_128_GCM_SHA256, TLS_ECDHE_RSA_WITH_AES_256_GCM_SHA384, TLS_ECDHE_RSA_WITH_AES_128_CBC_SHA, TLS_ECDHE_RSA_WITH_AES_256_CBC_SHA, TLS_RSA_WITH_AES_128_GCM_SHA256, TLS_RSA_WITH_AES_128_CBC_SHA, TLS_RSA_WITH_AES_256_CBC_SHA, TLS_AES_128_GCM_SHA256, TLS_AES_256_GCM_SHA384]
DEBUG [main] (MultithreadEventLoopGroup.java:44)- -Dio.netty.eventLoopThreads: 8
DEBUG [main] (NioEventLoop.java:110)- -Dio.netty.noKeySetOptimization: false
DEBUG [main] (NioEventLoop.java:111)- -Dio.netty.selectorAutoRebuildThreshold: 512
TRACE [main] (NioEventLoop.java:264)- instrumented a special java.util.Set into: sun.nio.ch.WEPollSelectorImpl@7a94b64e
TRACE [main] (NioEventLoop.java:264)- instrumented a special java.util.Set into: sun.nio.ch.WEPollSelectorImpl@34237b90
TRACE [main] (NioEventLoop.java:264)- instrumented a special java.util.Set into: sun.nio.ch.WEPollSelectorImpl@1d01dfa5
TRACE [main] (NioEventLoop.java:264)- instrumented a special java.util.Set into: sun.nio.ch.WEPollSelectorImpl@4a31c2ee
TRACE [main] (NioEventLoop.java:264)- instrumented a special java.util.Set into: sun.nio.ch.WEPollSelectorImpl@d400943
TRACE [main] (NioEventLoop.java:264)- instrumented a special java.util.Set into: sun.nio.ch.WEPollSelectorImpl@22101c80
TRACE [main] (NioEventLoop.java:264)- instrumented a special java.util.Set into: sun.nio.ch.WEPollSelectorImpl@31ff1390
TRACE [main] (NioEventLoop.java:264)- instrumented a special java.util.Set into: sun.nio.ch.WEPollSelectorImpl@759d81f3
DEBUG [main] (PooledByteBufAllocator.java:157)- -Dio.netty.allocator.numHeapArenas: 8
DEBUG [main] (PooledByteBufAllocator.java:158)- -Dio.netty.allocator.numDirectArenas: 8
DEBUG [main] (PooledByteBufAllocator.java:160)- -Dio.netty.allocator.pageSize: 8192
DEBUG [main] (PooledByteBufAllocator.java:165)- -Dio.netty.allocator.maxOrder: 9
DEBUG [main] (PooledByteBufAllocator.java:169)- -Dio.netty.allocator.chunkSize: 4194304
DEBUG [main] (PooledByteBufAllocator.java:170)- -Dio.netty.allocator.smallCacheSize: 256
DEBUG [main] (PooledByteBufAllocator.java:171)- -Dio.netty.allocator.normalCacheSize: 64
DEBUG [main] (PooledByteBufAllocator.java:172)- -Dio.netty.allocator.maxCachedBufferCapacity: 32768
DEBUG [main] (PooledByteBufAllocator.java:173)- -Dio.netty.allocator.cacheTrimInterval: 8192
DEBUG [main] (PooledByteBufAllocator.java:174)- -Dio.netty.allocator.cacheTrimIntervalMillis: 0
DEBUG [main] (PooledByteBufAllocator.java:175)- -Dio.netty.allocator.useCacheForAllThreads: false
DEBUG [main] (PooledByteBufAllocator.java:176)- -Dio.netty.allocator.maxCachedByteBuffersPerChunk: 1023
DEBUG [main] (ByteBufUtil.java:87)- -Dio.netty.allocator.type: pooled
DEBUG [main] (ByteBufUtil.java:96)- -Dio.netty.threadLocalDirectBufferSize: 0
DEBUG [main] (ByteBufUtil.java:99)- -Dio.netty.maxThreadLocalCharBufferSize: 16384
DEBUG [Forwarding newSession on session null to remote] (DefaultChannelId.java:79)- -Dio.netty.processId: 7160 (auto-detected)
DEBUG [Forwarding newSession on session null to remote] (NetUtil.java:136)- -Djava.net.preferIPv4Stack: false
DEBUG [Forwarding newSession on session null to remote] (NetUtil.java:137)- -Djava.net.preferIPv6Addresses: false
DEBUG [Forwarding newSession on session null to remote] (NetUtilInitializations.java:129)- Loopback interface: lo (Software Loopback Interface 1, 127.0.0.1)
DEBUG [Forwarding newSession on session null to remote] (NetUtil.java:191)- Failed to get SOMAXCONN from sysctl and file \proc\sys\net\core\somaxconn. Default: 200
DEBUG [Forwarding newSession on session null to remote] (DefaultChannelId.java:101)- -Dio.netty.machineId: 00:28:f8:ff:fe:5e:f5:ce (auto-detected)
DEBUG [AsyncHttpClient-1-2] (AbstractByteBuf.java:63)- -Dio.netty.buffer.checkAccessible: true
DEBUG [AsyncHttpClient-1-2] (AbstractByteBuf.java:64)- -Dio.netty.buffer.checkBounds: true
DEBUG [AsyncHttpClient-1-2] (ResourceLeakDetectorFactory.java:196)- Loaded default ResourceLeakDetector: io.netty.util.ResourceLeakDetector@181b3538
DEBUG [AsyncHttpClient-1-2] (Recycler.java:85)- -Dio.netty.recycler.maxCapacityPerThread: 4096
DEBUG [AsyncHttpClient-1-2] (Recycler.java:86)- -Dio.netty.recycler.ratio: 8
DEBUG [AsyncHttpClient-1-2] (Recycler.java:87)- -Dio.netty.recycler.chunkSize: 32
DEBUG [AsyncHttpClient-1-2] (Recycler.java:88)- -Dio.netty.recycler.blocking: false
DEBUG [AsyncHttpClient-1-2] (Brotli.java:38)- brotli4j not in the classpath; Brotli support will be unavailable.
 INFO [main] (StepMethod.java:56)- **********launching brower*********
  Given I launch chrome browser                                                      # stepDefinitions.StepMethod.i_launch_chrome_browser()
 INFO [main] (StepMethod.java:72)- entered url and opened the appliction
  When I open the hudini Signin page "https://testing.d2okaspacdbhs.amplifyapp.com/" # stepDefinitions.StepMethod.i_open_the_hudini_signin_page_https_testing_d2okaspacdbhs_amplifyapp_com(java.lang.String)
  Then I entered the email id "kavya.krishnamurthy@rhibhus.com"                      # stepDefinitions.StepMethod.i_entered_the_email_id(java.lang.String)
  Then I entered the password "Kavya@1234"                                           # stepDefinitions.StepMethod.i_entered_the_password(java.lang.String)
  Then I clicked on sigin buttton                                                    # stepDefinitions.StepMethod.i_clicked_on_sigin_buttton()
DEBUG [main] (ThreadLocalRandom.java:214)- -Dio.netty.initialSeedUniquifier: 0x09ee918b7314b19f
TRACE [AsyncHttpClient-1-4] (WebSocket08FrameEncoder.java:131)- Encoding WebSocket Frame opCode=8 length=26
TRACE [AsyncHttpClient-1-4] (WebSocket08FrameDecoder.java:183)- Decoding WebSocket Frame opCode=8
TRACE [AsyncHttpClient-1-4] (WebSocket08FrameDecoder.java:294)- Decoding WebSocket Frame length=26
  And I close the browser                                                            # stepDefinitions.StepMethod.i_close_the_browser()
]]></system-out>
    <system-err><![CDATA[SLF4J: No SLF4J providers were found.
SLF4J: Defaulting to no-operation (NOP) logger implementation
SLF4J: See https://www.slf4j.org/codes.html#noProviders for further details.
SLF4J: Class path contains SLF4J bindings targeting slf4j-api versions 1.7.x or earlier.
SLF4J: Ignoring binding found at [jar:file:/C:/Users/desktop/.m2/repository/ch/qos/logback/logback-classic/1.0.13/logback-classic-1.0.13.jar!/org/slf4j/impl/StaticLoggerBinder.class]
SLF4J: See https://www.slf4j.org/codes.html#ignoredBindings for an explanation.
1677226767554	geckodriver	INFO	Listening on 127.0.0.1:28996
1677226768170	mozrunner::runner	INFO	Running command: "C:\\Program Files\\Mozilla Firefox\\firefox.exe" "--marionette" "--remote-debugging-port" "23513" "--remote-allow-hosts" "localhost" "--remote-allow-origins" "http://127.0.0.1:23513/,http://localhost:23513/,http://[::1]:23513/" "-no-remote" "-profile" "C:\\Users\\desktop\\AppData\\Local\\Temp\\rust_mozprofileZQbc60"
console.warn: services.settings: Ignoring preference override of remote settings server
console.warn: services.settings: Allow by setting MOZ_REMOTE_SETTINGS_DEVTOOLS=1 in the environment
1677226769081	Marionette	INFO	Marionette enabled
Dynamically enable window occlusion 0
1677226769093	Marionette	INFO	Listening on port 63169
Read port: 63169
WebDriver BiDi listening on ws://127.0.0.1:23513
1677226769436	RemoteAgent	WARN	TLS certificate errors will be ignored for this session
console.warn: SearchSettings: "get: No settings file exists, new profile?" (new NotFoundError("Could not open the file at C:\\Users\\desktop\\AppData\\Local\\Temp\\rust_mozprofileZQbc60\\search.json.mozlz4", (void 0)))
DevTools listening on ws://127.0.0.1:23513/devtools/browser/52c0178f-28d9-4f39-9843-110ed91707b8
console.warn: LoginRecipes: "Falling back to a synchronous message for: https://testing.d2okaspacdbhs.amplifyapp.com."
1677226780230	RemoteAgent	INFO	Perform WebSocket upgrade for incoming connection from 127.0.0.1:63216
1677226780242	CDP	ERROR	Invalid browser preferences for CDP. Set "fission.webContentIsolationStrategy"to 0 and "fission.bfcacheInParent" to false before Firefox starts.
1677226780343	Marionette	INFO	Stopped listening on port 63169
Dynamically enable window occlusion 1
WARNING: A blocker encountered an error while we were waiting.
          Blocker:  Waiting for ping task
          Phase: TelemetryController: Waiting for pending ping activity
          State: (none)
WARNING: Error: Phase "profile-before-change" is finished, it is too late to register completion condition "OS.File: flush I/O queued before profileBeforeChange"
WARNING: addBlocker@resource://gre/modules/AsyncShutdown.sys.mjs:727:15
addBlocker@resource://gre/modules/AsyncShutdown.sys.mjs:523:26
addBlocker@resource://gre/modules/AsyncShutdown.sys.mjs:458:15
setupShutdown@resource://gre/modules/osfile/osfile_async_front.jsm:1548:28
@resource://gre/modules/osfile/osfile_async_front.jsm:1568:16
@resource://gre/modules/osfile.jsm:12:30
@resource://gre/modules/TelemetryStorage.sys.mjs:10:28
_checkPendingPings@resource://gre/modules/TelemetrySend.sys.mjs:863:17
setup@resource://gre/modules/TelemetrySend.sys.mjs:803:18
setup@resource://gre/modules/TelemetrySend.sys.mjs:241:30
setupTelemetry/this._delayedInitTask<@resource://gre/modules/TelemetryControllerParent.sys.mjs:829:36
observe@resource://gre/modules/AsyncShutdown.sys.mjs:576:16

WARNING: A blocker encountered an error while we were waiting.
          Blocker:  Waiting for ping task
          Phase: TelemetryController: Waiting for pending ping activity
          State: (none)
WARNING: Error: Phase "profile-before-change" is finished, it is too late to register completion condition "OS.File: flush I/O queued before profileBeforeChange"
WARNING: addBlocker@resource://gre/modules/AsyncShutdown.sys.mjs:727:15
addBlocker@resource://gre/modules/AsyncShutdown.sys.mjs:523:26
addBlocker@resource://gre/modules/AsyncShutdown.sys.mjs:458:15
setupShutdown@resource://gre/modules/osfile/osfile_async_front.jsm:1548:28
@resource://gre/modules/osfile/osfile_async_front.jsm:1568:16
@resource://gre/modules/osfile.jsm:12:30
@resource://gre/modules/TelemetryStorage.sys.mjs:10:28
_checkPendingPings@resource://gre/modules/TelemetrySend.sys.mjs:863:17
setup@resource://gre/modules/TelemetrySend.sys.mjs:803:18
setup@resource://gre/modules/TelemetrySend.sys.mjs:241:30
setupTelemetry/this._delayedInitTask<@resource://gre/modules/TelemetryControllerParent.sys.mjs:829:36
observe@resource://gre/modules/AsyncShutdown.sys.mjs:576:16

WARNING: A blocker encountered an error while we were waiting.
          Blocker:  Waiting for ping task
          Phase: TelemetryController: Waiting for pending ping activity
          State: (none)
WARNING: Error: Phase "profile-before-change" is finished, it is too late to register completion condition "OS.File: flush I/O queued before profileBeforeChange"
WARNING: addBlocker@resource://gre/modules/AsyncShutdown.sys.mjs:727:15
addBlocker@resource://gre/modules/AsyncShutdown.sys.mjs:523:26
addBlocker@resource://gre/modules/AsyncShutdown.sys.mjs:458:15
setupShutdown@resource://gre/modules/osfile/osfile_async_front.jsm:1548:28
@resource://gre/modules/osfile/osfile_async_front.jsm:1568:16
@resource://gre/modules/osfile.jsm:12:30
@resource://gre/modules/TelemetryStorage.sys.mjs:10:28
_checkPendingPings@resource://gre/modules/TelemetrySend.sys.mjs:863:17
setup@resource://gre/modules/TelemetrySend.sys.mjs:803:18
setup@resource://gre/modules/TelemetrySend.sys.mjs:241:30
setupTelemetry/this._delayedInitTask<@resource://gre/modules/TelemetryControllerParent.sys.mjs:829:36
observe@resource://gre/modules/AsyncShutdown.sys.mjs:576:16

WARNING: A blocker encountered an error while we were waiting.
          Blocker:  TelemetryController: shutting down
          Phase: profile-before-change-telemetry
          State: Error getting state: Error: Phase "profile-before-change" is finished, it is too late to register completion condition "OS.File: flush I/O queued before profileBeforeChange" at addBlocker@resource://gre/modules/AsyncShutdown.sys.mjs:727:15
addBlocker@resource://gre/modules/AsyncShutdown.sys.mjs:523:26
addBlocker@resource://gre/modules/AsyncShutdown.sys.mjs:458:15
setupShutdown@resource://gre/modules/osfile/osfile_async_front.jsm:1548:28
@resource://gre/modules/osfile/osfile_async_front.jsm:1568:16
@resource://gre/modules/osfile.jsm:12:30
@resource://gre/modules/TelemetryStorage.sys.mjs:10:28
_checkPendingPings@resource://gre/modules/TelemetrySend.sys.mjs:863:17
setup@resource://gre/modules/TelemetrySend.sys.mjs:803:18
setup@resource://gre/modules/TelemetrySend.sys.mjs:241:30
setupTelemetry/this._delayedInitTask<@resource://gre/modules/TelemetryControllerParent.sys.mjs:829:36
observe@resource://gre/modules/AsyncShutdown.sys.mjs:576:16

WARNING: Error: Phase "profile-before-change" is finished, it is too late to register completion condition "OS.File: flush I/O queued before profileBeforeChange"
WARNING: addBlocker@resource://gre/modules/AsyncShutdown.sys.mjs:727:15
addBlocker@resource://gre/modules/AsyncShutdown.sys.mjs:523:26
addBlocker@resource://gre/modules/AsyncShutdown.sys.mjs:458:15
setupShutdown@resource://gre/modules/osfile/osfile_async_front.jsm:1548:28
@resource://gre/modules/osfile/osfile_async_front.jsm:1568:16
@resource://gre/modules/osfile.jsm:12:30
@resource://gre/modules/TelemetryStorage.sys.mjs:10:28
_checkPendingPings@resource://gre/modules/TelemetrySend.sys.mjs:863:17
setup@resource://gre/modules/TelemetrySend.sys.mjs:803:18
setup@resource://gre/modules/TelemetrySend.sys.mjs:241:30
setupTelemetry/this._delayedInitTask<@resource://gre/modules/TelemetryControllerParent.sys.mjs:829:36
observe@resource://gre/modules/AsyncShutdown.sys.mjs:576:16

JavaScript error: resource://gre/modules/AsyncShutdown.sys.mjs, line 727: Error: Phase "profile-before-change" is finished, it is too late to register completion condition "OS.File: flush I/O queued before profileBeforeChange"
JavaScript error: resource://gre/modules/AsyncShutdown.sys.mjs, line 727: Error: Phase "profile-before-change" is finished, it is too late to register completion condition "OS.File: flush I/O queued before profileBeforeChange"
JavaScript error: resource://gre/modules/AsyncShutdown.sys.mjs, line 727: Error: Phase "profile-before-change" is finished, it is too late to register completion condition "OS.File: flush I/O queued before profileBeforeChange"
JavaScript error: resource://gre/modules/AsyncShutdown.sys.mjs, line 727: Error: Phase "profile-before-change" is finished, it is too late to register completion condition "OS.File: flush I/O queued before profileBeforeChange"
JavaScript error: resource://gre/modules/AsyncShutdown.sys.mjs, line 727: Error: Phase "profile-before-change" is finished, it is too late to register completion condition "OS.File: flush I/O queued before profileBeforeChange"
JavaScript error: resource://gre/modules/AsyncShutdown.sys.mjs, line 727: Error: Phase "profile-before-change" is finished, it is too late to register completion condition "OS.File: flush I/O queued before profileBeforeChange"
]]></system-err>
  </testcase>
</testsuite>